[debug] [2018-02-01T18:45:24.314Z] ----------------------------------------------------------------------
[debug] [2018-02-01T18:45:24.321Z] Command:       /home/java-the-nutt/.nvm/versions/node/v8.9.4/bin/node /home/java-the-nutt/.nvm/versions/node/v8.9.4/bin/firebase serve --only functions
[debug] [2018-02-01T18:45:24.321Z] CLI Version:   3.17.4
[debug] [2018-02-01T18:45:24.322Z] Platform:      linux
[debug] [2018-02-01T18:45:24.322Z] Node Version:  v8.9.4
[debug] [2018-02-01T18:45:24.322Z] Time:          Thu Feb 01 2018 18:45:24 GMT+0000 (GMT)
[debug] [2018-02-01T18:45:24.322Z] ----------------------------------------------------------------------
[debug] 
[debug] [2018-02-01T18:45:24.347Z] > command requires scopes: ["email","openid","https://www.googleapis.com/auth/cloudplatformprojects.readonly","https://www.googleapis.com/auth/firebase","https://www.googleapis.com/auth/cloud-platform"]
[debug] [2018-02-01T18:45:24.348Z] > authorizing via signed-in user
[debug] [2018-02-01T18:45:24.353Z] >>> HTTP REQUEST GET https://admin.firebase.com/v1/projects/crack-descent-189101  
  
 Thu Feb 01 2018 18:45:24 GMT+0000 (GMT)
[debug] [2018-02-01T18:45:25.216Z] <<< HTTP RESPONSE 200
[debug] [2018-02-01T18:45:25.218Z] >>> HTTP REQUEST GET https://admin.firebase.com/v1/database/crack-descent-189101/tokens  
  
 Thu Feb 01 2018 18:45:25 GMT+0000 (GMT)
[debug] [2018-02-01T18:45:25.854Z] <<< HTTP RESPONSE 200
[info] 
[info] === Serving from '/home/java-the-nutt/projects/spendlyte_server'...
[info] 
[info] i  functions: Preparing to emulate functions.
[debug] [2018-02-01T18:45:26.600Z] Fetching environment
[debug] [2018-02-01T18:45:26.604Z] >>> HTTP REQUEST GET https://appengine.googleapis.com/v1/apps/crack-descent-189101  
  
 Thu Feb 01 2018 18:45:26 GMT+0000 (GMT)
[debug] [2018-02-01T18:45:26.605Z] >>> HTTP REQUEST GET https://apikeys.googleapis.com/v1/projects/crack-descent-189101/apiKeys  
  
 Thu Feb 01 2018 18:45:26 GMT+0000 (GMT)
[debug] [2018-02-01T18:45:27.441Z] <<< HTTP RESPONSE 200
[debug] [2018-02-01T18:45:27.610Z] <<< HTTP RESPONSE 200
[debug] [2018-02-01T18:45:27.614Z] Starting @google-cloud/functions-emulator
[debug] [2018-02-01T18:45:30.264Z] Parsing function triggers
[info] ✔  functions: finance: http://localhost:5000/crack-descent-189101/us-central1/finance
